<?xml version="1.0" encoding="UTF-8"?>
<!-- Generated by org.testng.reporters.JUnitReportReporter -->
<testsuite hostname="LAPTOP-99BUU02B" failures="0" tests="3" name="com.nt.magento.tests.HomePageTest" time="34.386" errors="0" timestamp="2023-01-11T15:48:25 IST" skipped="0">
  <testcase classname="com.nt.magento.tests.HomePageTest" name="verifyApplicationLogo" time="17.685"/>
  <system-out/>
  <testcase classname="com.nt.magento.tests.HomePageTest" name="verifySignIn" time="8.393"/>
  <system-out/>
  <testcase classname="com.nt.magento.tests.HomePageTest" name="verifyCreateAnAccount" time="8.308"/>
  <system-out/>
</testsuite> <!-- com.nt.magento.tests.HomePageTest -->
