<?xml version="1.0" encoding="UTF-8"?>
<!-- Generated by org.testng.reporters.JUnitReportReporter -->
<testsuite hostname="LAPTOP-99BUU02B" failures="0" tests="4" name="com.nt.magento.tests.LoginPageTest" time="63.028" errors="0" timestamp="2023-01-11T20:15:00 IST" skipped="0">
  <testcase classname="com.nt.magento.tests.LoginPageTest" name="verifCustomerLoginText" time="10.253"/>
  <system-out/>
  <testcase classname="com.nt.magento.tests.LoginPageTest" name="verifValidCustomerLogin" time="18.037"/>
  <system-out/>
  <testcase classname="com.nt.magento.tests.LoginPageTest" name="verifValidCustomerLogin" time="12.769"/>
  <system-out/>
  <testcase classname="com.nt.magento.tests.LoginPageTest" name="verifValidCustomerLogin" time="21.969"/>
  <system-out/>
</testsuite> <!-- com.nt.magento.tests.LoginPageTest -->
