<?xml version="1.0" encoding="UTF-8"?>
<!-- Generated by org.testng.reporters.JUnitReportReporter -->
<testsuite skipped="0" hostname="LAPTOP-99BUU02B" name="com.nt.magento.tests.HomePageTest" tests="3" failures="0" timestamp="2023-01-11T16:52:47 IST" time="53.364" errors="0">
  <testcase name="verifyApplicationLogo" time="20.183" classname="com.nt.magento.tests.HomePageTest"/>
  <system-out/>
  <testcase name="verifySignIn" time="20.753" classname="com.nt.magento.tests.HomePageTest"/>
  <system-out/>
  <testcase name="verifyCreateAnAccount" time="12.428" classname="com.nt.magento.tests.HomePageTest"/>
  <system-out/>
</testsuite> <!-- com.nt.magento.tests.HomePageTest -->
